2022-05-06 17:18:29 - PHP Warning:  unlink(C:/wamp64/www/opencart/storage/cache/cache.store.1651844595): No such file or directory in C:\wamp64\www\opencart\system\library\cache\file.php on line 17
2022-05-14 20:22:35 - PHP Notice:  Undefined offset: 6 in C:\wamp64\www\opencart\system\library\paypal\paypal.php on line 347
2022-05-14 20:22:49 - PHP Notice:  Undefined offset: 6 in C:\wamp64\www\opencart\system\library\paypal\paypal.php on line 347
2022-05-21 13:32:18 - PHP Warning:  mail(): Failed to connect to mailserver at &quot;localhost&quot; port 25, verify your &quot;SMTP&quot; and &quot;smtp_port&quot; setting in php.ini or use ini_set() in C:\wamp64\www\opencart\system\library\mail\mail.php on line 77
2022-05-21 13:32:19 - PHP Warning:  mail(): Failed to connect to mailserver at &quot;localhost&quot; port 25, verify your &quot;SMTP&quot; and &quot;smtp_port&quot; setting in php.ini or use ini_set() in C:\wamp64\www\opencart\system\library\mail\mail.php on line 77
2022-05-21 13:34:46 - PHP Warning:  mail(): Failed to connect to mailserver at &quot;localhost&quot; port 25, verify your &quot;SMTP&quot; and &quot;smtp_port&quot; setting in php.ini or use ini_set() in C:\wamp64\www\opencart\system\library\mail\mail.php on line 77
2022-05-22 15:04:50 - PHP Warning:  mail(): Failed to connect to mailserver at &quot;localhost&quot; port 25, verify your &quot;SMTP&quot; and &quot;smtp_port&quot; setting in php.ini or use ini_set() in C:\wamp64\www\opencart\system\library\mail\mail.php on line 77
2022-05-22 20:02:41 - PHP Warning:  mail(): Failed to connect to mailserver at &quot;localhost&quot; port 25, verify your &quot;SMTP&quot; and &quot;smtp_port&quot; setting in php.ini or use ini_set() in C:\wamp64\www\opencart\system\library\mail\mail.php on line 77
2022-05-22 20:02:42 - PHP Warning:  mail(): Failed to connect to mailserver at &quot;localhost&quot; port 25, verify your &quot;SMTP&quot; and &quot;smtp_port&quot; setting in php.ini or use ini_set() in C:\wamp64\www\opencart\system\library\mail\mail.php on line 77
2022-05-22 21:23:03 - PHP Warning:  mail(): Failed to connect to mailserver at &quot;localhost&quot; port 25, verify your &quot;SMTP&quot; and &quot;smtp_port&quot; setting in php.ini or use ini_set() in C:\wamp64\www\opencart\system\library\mail\mail.php on line 77
2022-05-22 21:24:41 - PHP Warning:  mail(): Failed to connect to mailserver at &quot;localhost&quot; port 25, verify your &quot;SMTP&quot; and &quot;smtp_port&quot; setting in php.ini or use ini_set() in C:\wamp64\www\opencart\system\library\mail\mail.php on line 77
2022-05-22 21:44:20 - PHP Warning:  fsockopen(): SSL operation failed with code 1. OpenSSL Error messages:
error:1408F10B:SSL routines:ssl3_get_record:wrong version number in C:\wamp64\www\opencart\system\library\mail\smtp.php on line 88
2022-05-22 21:44:20 - PHP Warning:  fsockopen(): Failed to enable crypto in C:\wamp64\www\opencart\system\library\mail\smtp.php on line 88
2022-05-22 21:44:20 - PHP Warning:  fsockopen(): unable to connect to ssl://smtp.gmail.com:25 (Unknown error) in C:\wamp64\www\opencart\system\library\mail\smtp.php on line 88
2022-05-22 21:44:30 - PHP Warning:  fsockopen(): SSL operation failed with code 1. OpenSSL Error messages:
error:1408F10B:SSL routines:ssl3_get_record:wrong version number in C:\wamp64\www\opencart\system\library\mail\smtp.php on line 88
2022-05-22 21:44:30 - PHP Warning:  fsockopen(): Failed to enable crypto in C:\wamp64\www\opencart\system\library\mail\smtp.php on line 88
2022-05-22 21:44:30 - PHP Warning:  fsockopen(): unable to connect to ssl://smtp.gmail.com:25 (Unknown error) in C:\wamp64\www\opencart\system\library\mail\smtp.php on line 88
2022-05-22 21:45:04 - PHP Warning:  fsockopen(): SSL operation failed with code 1. OpenSSL Error messages:
error:1408F10B:SSL routines:ssl3_get_record:wrong version number in C:\wamp64\www\opencart\system\library\mail\smtp.php on line 88
2022-05-22 21:45:04 - PHP Warning:  fsockopen(): Failed to enable crypto in C:\wamp64\www\opencart\system\library\mail\smtp.php on line 88
2022-05-22 21:45:04 - PHP Warning:  fsockopen(): unable to connect to ssl://smtp.gmail.com:25 (Unknown error) in C:\wamp64\www\opencart\system\library\mail\smtp.php on line 88
2022-05-22 21:48:54 - PHP Warning:  fsockopen(): SSL operation failed with code 1. OpenSSL Error messages:
error:1408F10B:SSL routines:ssl3_get_record:wrong version number in C:\wamp64\www\opencart\system\library\mail\smtp.php on line 88
2022-05-22 21:48:54 - PHP Warning:  fsockopen(): Failed to enable crypto in C:\wamp64\www\opencart\system\library\mail\smtp.php on line 88
2022-05-22 21:48:54 - PHP Warning:  fsockopen(): unable to connect to ssl://smtp.gmail.com:25 (Unknown error) in C:\wamp64\www\opencart\system\library\mail\smtp.php on line 88
2022-05-22 21:49:54 - PHP Warning:  mail(): Failed to connect to mailserver at &quot;localhost&quot; port 25, verify your &quot;SMTP&quot; and &quot;smtp_port&quot; setting in php.ini or use ini_set() in C:\wamp64\www\opencart\system\library\mail\mail.php on line 77
2022-05-22 21:49:55 - PHP Warning:  mail(): Failed to connect to mailserver at &quot;localhost&quot; port 25, verify your &quot;SMTP&quot; and &quot;smtp_port&quot; setting in php.ini or use ini_set() in C:\wamp64\www\opencart\system\library\mail\mail.php on line 77
2022-05-22 22:00:06 - PHP Warning:  mail(): Failed to connect to mailserver at &quot;localhost&quot; port 25, verify your &quot;SMTP&quot; and &quot;smtp_port&quot; setting in php.ini or use ini_set() in C:\wamp64\www\opencart\system\library\mail\mail.php on line 75
2022-05-22 22:00:08 - PHP Warning:  mail(): Failed to connect to mailserver at &quot;localhost&quot; port 25, verify your &quot;SMTP&quot; and &quot;smtp_port&quot; setting in php.ini or use ini_set() in C:\wamp64\www\opencart\system\library\mail\mail.php on line 75
2022-05-22 22:00:09 - PHP Warning:  mail(): Failed to connect to mailserver at &quot;localhost&quot; port 25, verify your &quot;SMTP&quot; and &quot;smtp_port&quot; setting in php.ini or use ini_set() in C:\wamp64\www\opencart\system\library\mail\mail.php on line 75
2022-05-22 22:03:00 - PHP Warning:  mail(): Failed to connect to mailserver at &quot;localhost&quot; port 25, verify your &quot;SMTP&quot; and &quot;smtp_port&quot; setting in php.ini or use ini_set() in C:\wamp64\www\opencart\system\library\mail\mail.php on line 75
2022-05-22 22:03:01 - PHP Warning:  mail(): Failed to connect to mailserver at &quot;localhost&quot; port 25, verify your &quot;SMTP&quot; and &quot;smtp_port&quot; setting in php.ini or use ini_set() in C:\wamp64\www\opencart\system\library\mail\mail.php on line 75
2022-05-22 22:03:02 - PHP Warning:  mail(): Failed to connect to mailserver at &quot;localhost&quot; port 25, verify your &quot;SMTP&quot; and &quot;smtp_port&quot; setting in php.ini or use ini_set() in C:\wamp64\www\opencart\system\library\mail\mail.php on line 75
2022-05-22 22:04:55 - PHP Warning:  mail(): Failed to connect to mailserver at &quot;localhost&quot; port 25, verify your &quot;SMTP&quot; and &quot;smtp_port&quot; setting in php.ini or use ini_set() in C:\wamp64\www\opencart\system\library\mail\mail.php on line 77
2022-05-22 22:04:56 - PHP Warning:  mail(): Failed to connect to mailserver at &quot;localhost&quot; port 25, verify your &quot;SMTP&quot; and &quot;smtp_port&quot; setting in php.ini or use ini_set() in C:\wamp64\www\opencart\system\library\mail\mail.php on line 77
2022-05-23 8:49:35 - PHP Warning:  mail(): Failed to connect to mailserver at &quot;localhost&quot; port 25, verify your &quot;SMTP&quot; and &quot;smtp_port&quot; setting in php.ini or use ini_set() in C:\wamp64\www\opencart\system\library\mail\mail.php on line 77
2022-05-23 8:49:36 - PHP Warning:  mail(): Failed to connect to mailserver at &quot;localhost&quot; port 25, verify your &quot;SMTP&quot; and &quot;smtp_port&quot; setting in php.ini or use ini_set() in C:\wamp64\www\opencart\system\library\mail\mail.php on line 77
2022-05-23 9:27:44 - PHP Warning:  mail(): Failed to connect to mailserver at &quot;localhost&quot; port 25, verify your &quot;SMTP&quot; and &quot;smtp_port&quot; setting in php.ini or use ini_set() in C:\wamp64\www\opencart\system\library\mail\mail.php on line 77
2022-05-23 9:27:45 - PHP Warning:  mail(): Failed to connect to mailserver at &quot;localhost&quot; port 25, verify your &quot;SMTP&quot; and &quot;smtp_port&quot; setting in php.ini or use ini_set() in C:\wamp64\www\opencart\system\library\mail\mail.php on line 77
2022-05-23 9:27:50 - PHP Warning:  mail(): Failed to connect to mailserver at &quot;localhost&quot; port 25, verify your &quot;SMTP&quot; and &quot;smtp_port&quot; setting in php.ini or use ini_set() in C:\wamp64\www\opencart\system\library\mail\mail.php on line 77
2022-05-23 9:27:54 - PHP Warning:  mail(): Failed to connect to mailserver at &quot;localhost&quot; port 25, verify your &quot;SMTP&quot; and &quot;smtp_port&quot; setting in php.ini or use ini_set() in C:\wamp64\www\opencart\system\library\mail\mail.php on line 77
2022-05-23 9:28:05 - PHP Warning:  mail(): Failed to connect to mailserver at &quot;localhost&quot; port 25, verify your &quot;SMTP&quot; and &quot;smtp_port&quot; setting in php.ini or use ini_set() in C:\wamp64\www\opencart\system\library\mail\mail.php on line 77
2022-05-23 9:30:21 - PHP Warning:  mail(): Failed to connect to mailserver at &quot;localhost&quot; port 25, verify your &quot;SMTP&quot; and &quot;smtp_port&quot; setting in php.ini or use ini_set() in C:\wamp64\www\opencart\system\library\mail\mail.php on line 77
2022-05-23 9:30:22 - PHP Warning:  mail(): Failed to connect to mailserver at &quot;localhost&quot; port 25, verify your &quot;SMTP&quot; and &quot;smtp_port&quot; setting in php.ini or use ini_set() in C:\wamp64\www\opencart\system\library\mail\mail.php on line 77
2022-05-23 9:57:06 - PHP Warning:  mail(): Failed to connect to mailserver at &quot;localhost&quot; port 25, verify your &quot;SMTP&quot; and &quot;smtp_port&quot; setting in php.ini or use ini_set() in C:\wamp64\www\opencart\system\library\mail\mail.php on line 77
2022-06-22 21:53:09 - PHP Warning:  mail(): Failed to connect to mailserver at &quot;localhost&quot; port 25, verify your &quot;SMTP&quot; and &quot;smtp_port&quot; setting in php.ini or use ini_set() in C:\wamp64\www\opencart\system\library\mail\mail.php on line 77
2022-06-22 21:53:10 - PHP Warning:  mail(): Failed to connect to mailserver at &quot;localhost&quot; port 25, verify your &quot;SMTP&quot; and &quot;smtp_port&quot; setting in php.ini or use ini_set() in C:\wamp64\www\opencart\system\library\mail\mail.php on line 77
